2023-01-06 14:31:13,202 - instabot version: 0.117.0 (bot) - INFO - Instabot version: 0.117.0 Started
2023-01-06 14:31:13,203 - instabot version: 0.117.0 (bot) - DEBUG - Bot imported from C:\Users\bbf\AppData\Local\Programs\Python\Python311\Lib\site-packages\instabot\bot\bot.py
2023-01-06 14:31:13,217 - instabot version: 0.117.0 (api_login) - DEBUG - Loading cookies
2023-01-06 14:31:13,218 - instabot version: 0.117.0 (api_login) - DEBUG - Loading uuids
2023-01-06 14:31:13,218 - instabot version: 0.117.0 (api_login) - INFO - Recovery from C:\Users\bbf\Desktop\bot/config/eriktbo981_uuid_and_cookie.json: COOKIE True - UUIDs True - TIMING, DEVICE and ...
- user-agent=Instagram 117.0.0.28.123 Android (28/9.0; 420dpi; 1080x1920; OnePlus; ONEPLUS A3003; OnePlus3; qcom; en_US; 180322800)
- phone_id=077451d3-deba-466b-968c-7b3164e5df84
- uuid=77b1300b-e144-440e-afaf-689e140a54b7
- client_session_id=82c11d09-f3c6-4625-b988-e39d4c2bb4b5
- device_id=android-48ccb9782a763a74
2023-01-06 14:31:13,233 - instabot version: 0.117.0 (api_login) - INFO - LOGIN FLOW! Just logged-in: False
2023-01-06 14:31:15,823 - instabot version: 0.117.0 (api) - DEBUG - POST to endpoint: feed/timeline/ returned response: <Response [200]>
2023-01-06 14:31:16,850 - instabot version: 0.117.0 (api) - DEBUG - POST to endpoint: feed/reels_tray/ returned response: <Response [200]>
2023-01-06 14:31:16,899 - instabot version: 0.117.0 (api) - INFO - Logged-in successfully as 'eriktbo981'!
2023-01-06 14:31:16,900 - instabot version: 0.117.0 (bot_checkpoint) - DEBUG - Loading Checkpoint file from: C:\Users\bbf\Desktop\bot/config/eriktbo981.checkpoint
2023-01-06 14:31:17,848 - instabot version: 0.117.0 (api) - DEBUG - GET to endpoint: users/heba_astef/usernameinfo/ returned response: <Response [200]>
2023-01-06 14:31:19,334 - instabot version: 0.117.0 (api) - DEBUG - POST to endpoint: direct_v2/threads/broadcast/text/ returned response: <Response [200]>
2023-01-06 14:31:21,352 - instabot version: 0.117.0 (api) - DEBUG - GET to endpoint: users/53301047771/info/ returned response: <Response [200]>
2023-01-06 14:31:22,560 - instabot version: 0.117.0 (api) - DEBUG - GET to endpoint: friendships/53301047771/followers/?rank_token=57643561714_77b1300b-e144-440e-afaf-689e140a54b7 returned response: <Response [200]>
2023-01-06 14:31:22,563 - instabot version: 0.117.0 (bot_checkpoint) - DEBUG - Saving Checkpoint file to: C:\Users\bbf\Desktop\bot/config/eriktbo981.checkpoint
2023-01-06 14:31:22,567 - instabot version: 0.117.0 (bot) - INFO - Total follows: 1/72
2023-01-06 14:31:22,567 - instabot version: 0.117.0 (bot) - INFO - Total messages: 5/75
2023-01-06 14:31:22,568 - instabot version: 0.117.0 (bot) - INFO - Total requests: 47
