2023-01-06 01:57:00,324 - instabot version: 0.117.0 (bot) - INFO - Instabot version: 0.117.0 Started
2023-01-06 01:57:00,325 - instabot version: 0.117.0 (bot) - DEBUG - Bot imported from C:\Users\bbf\AppData\Local\Programs\Python\Python311\Lib\site-packages\instabot\bot\bot.py
2023-01-06 01:57:00,443 - instabot version: 0.117.0 (api_login) - DEBUG - Loading cookies
2023-01-06 01:57:00,445 - instabot version: 0.117.0 (api_login) - DEBUG - Loading uuids
2023-01-06 01:57:00,446 - instabot version: 0.117.0 (api_login) - INFO - Recovery from C:\Users\bbf\Desktop\bot/config/eriktbo981_uuid_and_cookie.json: COOKIE True - UUIDs True - TIMING, DEVICE and ...
- user-agent=Instagram 117.0.0.28.123 Android (28/9.0; 420dpi; 1080x1920; OnePlus; ONEPLUS A3003; OnePlus3; qcom; en_US; 180322800)
- phone_id=077451d3-deba-466b-968c-7b3164e5df84
- uuid=77b1300b-e144-440e-afaf-689e140a54b7
- client_session_id=a8bffd75-36c2-4cd7-a585-ef0126e04a02
- device_id=android-48ccb9782a763a74
2023-01-06 01:57:00,448 - instabot version: 0.117.0 (api_login) - INFO - LOGIN FLOW! Just logged-in: False
2023-01-06 01:57:07,504 - instabot version: 0.117.0 (api) - DEBUG - POST to endpoint: feed/timeline/ returned response: <Response [200]>
2023-01-06 01:57:10,690 - instabot version: 0.117.0 (api) - DEBUG - POST to endpoint: feed/reels_tray/ returned response: <Response [200]>
2023-01-06 01:57:10,697 - instabot version: 0.117.0 (api) - INFO - Logged-in successfully as 'eriktbo981'!
2023-01-06 01:57:10,698 - instabot version: 0.117.0 (bot_checkpoint) - DEBUG - Loading Checkpoint file from: C:\Users\bbf\Desktop\bot/config/eriktbo981.checkpoint
2023-01-06 01:57:13,756 - instabot version: 0.117.0 (api) - DEBUG - GET to endpoint: users/heba_astef/usernameinfo/ returned response: <Response [200]>
2023-01-06 01:57:17,854 - instabot version: 0.117.0 (api) - DEBUG - POST to endpoint: direct_v2/threads/broadcast/text/ returned response: <Response [200]>
2023-01-06 01:57:17,855 - instabot version: 0.117.0 (bot_checkpoint) - DEBUG - Saving Checkpoint file to: C:\Users\bbf\Desktop\bot/config/eriktbo981.checkpoint
2023-01-06 01:57:17,891 - instabot version: 0.117.0 (bot) - INFO - Total follows: 1/87
2023-01-06 01:57:17,895 - instabot version: 0.117.0 (bot) - INFO - Total messages: 1/95
2023-01-06 01:57:17,896 - instabot version: 0.117.0 (bot) - INFO - Total requests: 37
